MD simulation of 108LJ Particles at T*=8.0000 and rho*=0.0009

Output File:        output.out


    ***Input Parameters***
N           108
temp        8.0
rho         0.0009
esteps      5000
psteps      10000
rcut        3.0
dt          0.005

         ***INITIAL VELOCITIES***
	    -2.088412	     1.323770	    -2.092337
	    -2.769182	     0.232697	    -1.798539
	    -0.907879	    -1.865913	    -4.384446
	     4.902033	    -3.560394	     1.801974
	    -3.585785	    -4.333777	    -0.812362
	     3.013850	     2.294556	     5.148921
	    -1.337865	     2.818436	    -2.733547
	     4.951315	     2.709384	    -1.199908
	     4.586829	     1.146634	     1.250046
	    -4.306395	    -4.345624	    -1.218322
	    -0.382269	     1.014115	     4.644457
	    -1.968706	     3.814713	    -3.089407
	     0.336523	     4.537907	    -0.072785
	     1.005476	    -3.393136	     3.626462
	    -2.844791	     0.885880	     0.874159
	     1.774659	     1.021067	    -1.435267
	     0.588120	     3.966789	    -2.037309
	    -2.297570	     0.136127	    -4.356391
	    -1.542739	    -3.115679	     1.313384
	     3.274520	     0.993331	    -2.899796
	    -2.198270	    -4.898638	    -4.391036
	    -3.497722	     3.625224	     4.724197
	     2.335611	    -2.599484	    -3.986858
	    -3.423941	     1.347917	     5.092648
	    -0.587607	     2.388620	     3.507307
	     2.263598	     0.916441	     4.369067
	    -0.191177	     4.715050	     2.328214
	     0.037989	     3.862651	     2.333313
	    -0.783174	     4.478524	     4.535929
	    -3.779610	     4.402638	     1.766288
	    -4.577798	     1.283172	     1.982961
	    -1.480021	    -0.610322	    -1.302356
	    -3.604055	    -4.782523	    -3.250243
	    -3.631423	     2.909396	    -4.316802
	     2.725760	     3.157539	    -1.326592
	     1.049794	     0.837924	     1.636826
	     5.065372	    -0.948362	    -0.311334
	    -3.883355	     0.592577	    -1.855611
	    -2.302401	     3.224126	    -0.925187
	    -0.542687	     0.957411	     0.696876
	    -2.625436	     2.070835	    -1.653371
	     4.474255	    -4.737986	    -3.831390
	     1.163082	    -0.146893	    -0.383697
	     4.941080	    -1.375156	     3.754915
	    -1.063246	     4.015229	    -2.961599
	     2.926474	    -4.887165	    -2.878824
	     0.388792	     3.488661	    -0.640181
	    -2.980655	    -2.187864	     3.009593
	     2.361849	     2.488453	     0.932552
	    -3.109980	    -4.848088	    -2.489033
	    -2.512508	     2.006983	     2.891329
	     4.543800	    -3.539348	    -0.685689
	    -0.165037	     0.989439	     1.302975
	    -1.681957	     2.085196	    -3.958744
	     0.025172	    -0.158928	    -0.131765
	     5.164098	     4.216645	    -2.034196
	     4.381823	     2.174649	     4.220414
	     0.339922	    -3.772872	    -3.815090
	     1.079883	    -0.087635	     5.181839
	     0.117178	    -2.907797	     2.298036
	    -1.113170	    -0.273817	     0.527990
	    -0.342409	    -0.037437	    -3.904643
	     3.347033	    -4.775198	    -0.611058
	     1.494061	     3.111976	    -2.003008
	    -2.174309	     0.667298	    -2.362699
	     1.761986	     1.531686	     1.209349
	     5.093836	    -4.329390	     4.830033
	     2.379583	    -4.657445	    -2.649801
	    -2.377630	    -0.278052	    -2.495143
	     0.144451	    -3.638880	     2.182161
	    -2.395755	     2.008187	     2.982982
	    -2.183795	    -4.185777	    -2.931815
	    -0.157717	     4.624945	     4.109367
	    -2.329405	    -0.792950	    -1.341537
	     1.465260	     2.403495	    -2.894152
	    -4.292402	     4.602247	     1.064494
	     1.869384	    -3.320085	     1.550781
	    -4.607974	    -1.555371	    -1.725924
	     4.845599	    -1.557400	     1.118650
	     1.451013	     1.250454	    -2.734026
	     4.857898	     3.067776	     2.849931
	     3.364640	     0.163077	     3.303413
	     1.452138	    -4.363108	    -2.538042
	    -0.861815	     0.008519	     3.136563
	     0.381104	    -2.998531	     0.994164
	    -1.071513	    -0.854741	     4.165592
	    -1.828195	     0.381437	     3.304357
	    -2.268167	    -0.734422	    -1.870987
	    -3.180922	    -3.649370	     1.584729
	    -3.340758	    -0.154658	    -3.641901
	    -0.072713	     1.327953	    -2.375340
	    -1.643158	    -4.678332	    -1.286677
	     1.193385	     2.226432	    -4.504291
	    -2.611197	    -4.467730	     4.847250
	     3.624675	    -4.510936	     3.416147
	     0.381491	     1.727404	    -3.926203
	     4.495018	    -1.648791	     1.178595
	     2.037722	     3.735541	    -3.941066
	    -3.241352	     1.051151	     3.515489
	     2.172255	     2.426154	     0.639385
	     0.227962	     0.489908	    -4.533035
	     4.679159	    -0.135169	     0.971839
	    -2.376878	    -1.716852	    -0.004912
	    -2.877818	    -1.169898	    -1.251582
	    -1.482592	    -1.289254	     3.563624
	    -4.540655	    -4.055645	    -2.603921
	     4.968822	     1.907534	     2.119135
	    -1.481381	     1.088942	    -0.998922


Iteration                T              T Ave.              P              P Ave.            KE               PE               TE

0                     8.000000         8.000000         0.007199         0.007199        12.000000        -0.000279        11.999721
100                   8.000000         8.000000         0.007199         0.007199        12.000000        -0.000279        11.999721
200                   8.002314         8.000122         0.007189         0.007199        12.003470        -0.004060        11.999411
300                   7.988695         8.000684         0.007145         0.007194        11.983043         0.003412        11.986455
400                   7.994025         7.998529         0.007154         0.007199        11.991038         0.002591        11.993630
500                   8.007192         7.999557         0.007203         0.007192        12.010788        -0.000430        12.010358
600                   8.012618         8.001110         0.007153         0.007187        12.018927        -0.012150        12.006777
700                   7.987987         7.999419         0.007117         0.007179        11.981980         0.010881        11.992862
800                   8.015957         7.996988         0.007157         0.007162        12.023935        -0.001327        12.022608
900                   8.043382         7.998639         0.007197         0.007148        12.065073        -0.004590        12.060482
1000                  8.041120         8.001256         0.007136         0.007143        12.061680         0.001757        12.063437
1100                  8.028629         8.002192         0.007190         0.007137        12.042944        -0.004555        12.038388
1200                  7.981722         8.000686         0.006918         0.007124        11.972582         0.041780        12.014363
1300                  7.982988         7.998500         0.006851         0.007106        11.974482         0.045088        12.019570
1400                  8.002164         7.997303         0.006994         0.007091        12.003247         0.050024        12.053271
1500                  8.030815         7.997713         0.006994         0.007079        12.046223         0.049399        12.095622
1600                  8.016919         7.999731         0.006892         0.007070        12.025379         0.094196        12.119575
1700                  7.970192         8.001077         0.006647         0.007062        11.955288         0.160189        12.115477
1800                  7.930030         8.001479         0.006571         0.007051        11.895045         0.200517        12.095563
1900                  7.938925         8.001052         0.006614         0.007041        11.908387         0.166416        12.074802
2000                  7.956125         8.000379         0.006779         0.007032        11.934188         0.125876        12.060064
2100                  7.982514         7.999195         0.006879         0.007024        11.973771         0.086877        12.060648
2200                  7.994106         7.998360         0.006915         0.007017        11.991159         0.086664        12.077823
2300                  7.986418         7.998316         0.007293         0.007013        11.979626         0.121231        12.100858
2400                  8.035734         7.998513         0.006875         0.007006        12.053601         0.073235        12.126836
2500                  8.047284         7.998768         0.007039         0.006997        12.070927         0.077862        12.148788
2600                  8.068597         7.999431         0.007005         0.006989        12.102895         0.058832        12.161727
2700                  8.068971         8.000013         0.006976         0.006980        12.103456         0.062411        12.165867
2800                  8.050592         8.000181         0.006899         0.006970        12.075888         0.089027        12.164915
2900                  8.035604         8.000503         0.006876         0.006961        12.053406         0.108428        12.161834
3000                  8.027686         8.000501         0.006786         0.006951        12.041529         0.114188        12.155717
3100                  8.004732         8.000013         0.006621         0.006941        12.007098         0.146039        12.153137
3200                  7.951614         7.999491         0.006470         0.006931        11.927421         0.230465        12.157887
3300                  7.967065         7.999177         0.006373         0.006922        11.950598         0.218713        12.169311
3400                  7.976928         7.999151         0.006478         0.006915        11.965393         0.219068        12.184461
3500                  7.965334         7.999241         0.006506         0.006906        11.948001         0.251542        12.199543
3600                  7.943931         7.999672         0.006370         0.006898        11.915897         0.293462        12.209359
3700                  7.952289         8.000025         0.006357         0.006890        11.928434         0.283760        12.212194
3800                  7.918307         8.000363         0.006132         0.006884        11.877461         0.330774        12.208235
3900                  7.922432         8.000790         0.006218         0.006878        11.883648         0.315646        12.199293
4000                  7.961946         8.000812         0.006362         0.006871        11.942918         0.244301        12.187219
4100                  7.970233         8.000605         0.006483         0.006865        11.955350         0.220971        12.176321
4200                  7.973921         8.000343         0.006602         0.006859        11.960882         0.207261        12.168144
4300                  8.006380         7.999854         0.006805         0.006851        12.009569         0.154203        12.163773
4400                  8.002942         7.999386         0.006486         0.006845        12.004413         0.162704        12.167116
4500                  7.980290         7.999019         0.006528         0.006839        11.970436         0.206606        12.177041
4600                  7.998934         7.998793         0.006481         0.006833        11.998401         0.193760        12.192161
4700                  8.024204         7.998828         0.006591         0.006827        12.036306         0.173472        12.209778
4800                  8.018010         7.998927         0.006594         0.006823        12.027016         0.199262        12.226277
4900                  8.027747         7.998903         0.006647         0.006816        12.041620         0.200861        12.242482
5000                  8.026426         7.999163         0.006405         0.006809        12.039640         0.217108        12.256747
100                   8.000451         8.017890         0.006396         0.006501        12.000676         0.257665        12.258342
200                   7.977156         8.016223         0.006381         0.006495        11.965733         0.292740        12.258473
300                   7.975120         8.015898         0.006179         0.006492        11.962680         0.295693        12.258373
400                   7.999953         8.015800         0.006515         0.006500        11.999929         0.258556        12.258485
500                   8.013150         8.015264         0.006548         0.006489        12.019725         0.238761        12.258486
600                   7.984723         8.013965         0.006260         0.006492        11.977084         0.281086        12.258170
700                   7.953967         8.010663         0.006101         0.006476        11.930950         0.327191        12.258141
800                   7.912936         8.005724         0.006020         0.006448        11.869404         0.388851        12.258255
900                   7.924265         8.001457         0.005931         0.006424        11.886398         0.371699        12.258097
1000                  7.964793         7.998218         0.006194         0.006406        11.947189         0.310571        12.257760
1100                  7.970409         7.994969         0.006254         0.006388        11.955614         0.302417        12.258031
1200                  8.037415         7.993611         0.006519         0.006379        12.056123         0.201752        12.257875
1300                  8.016348         7.991364         0.006940         0.006369        12.024522         0.233088        12.257610
1400                  7.920742         7.987016         0.006308         0.006346        11.881113         0.377061        12.258174
1500                  7.893913         7.982853         0.006001         0.006326        11.840869         0.416969        12.257838
1600                  7.916648         7.978126         0.006062         0.006306        11.874972         0.383006        12.257978
1700                  7.904420         7.973789         0.005982         0.006286        11.856630         0.401433        12.258064
1800                  7.910381         7.970335         0.006041         0.006270        11.865572         0.392618        12.258189
1900                  7.921280         7.967033         0.005909         0.006255        11.881921         0.376180        12.258101
2000                  7.866486         7.964093         0.005741         0.006244        11.799729         0.458439        12.258168
2100                  7.870890         7.961428         0.005987         0.006229        11.806335         0.452171        12.258506
2200                  7.892822         7.958403         0.005761         0.006218        11.839232         0.418949        12.258181
2300                  7.922334         7.956185         0.006028         0.006209        11.883501         0.374386        12.257887
2400                  7.851260         7.953978         0.005844         0.006195        11.776889         0.481139        12.258029
2500                  7.842935         7.951774         0.005542         0.006185        11.764402         0.493845        12.258247
2600                  7.857749         7.949535         0.005588         0.006175        11.786623         0.471455        12.258077
2700                  7.825649         7.947266         0.005656         0.006165        11.738474         0.519793        12.258267
2800                  7.835117         7.945148         0.005657         0.006155        11.752675         0.505398        12.258073
2900                  7.939171         7.943113         0.006110         0.006145        11.908757         0.348993        12.257749
3000                  7.924621         7.941108         0.006083         0.006135        11.886932         0.370869        12.257801
3100                  7.912713         7.939518         0.005835         0.006126        11.869070         0.388636        12.257706
3200                  7.842365         7.938019         0.005686         0.006117        11.763548         0.494619        12.258167
3300                  7.851452         7.936429         0.005658         0.006110        11.777178         0.481034        12.258212
3400                  7.904969         7.934996         0.005847         0.006104        11.857453         0.400327        12.257780
3500                  7.896402         7.933712         0.005998         0.006097        11.844602         0.413503        12.258106
3600                  7.867418         7.932456         0.005759         0.006091        11.801127         0.456896        12.258023
3700                  7.872502         7.931322         0.005724         0.006084        11.808753         0.449069        12.257822
3800                  7.851062         7.930167         0.005665         0.006080        11.776594         0.481205        12.257799
3900                  7.859916         7.928717         0.005782         0.006074        11.789874         0.468186        12.258060
4000                  7.876861         7.927238         0.005704         0.006066        11.815291         0.442733        12.258024
4100                  7.854901         7.925786         0.005835         0.006059        11.782352         0.475703        12.258056
4200                  7.879231         7.924550         0.005849         0.006052        11.818847         0.438823        12.257670
4300                  7.866358         7.923214         0.005666         0.006046        11.799537         0.457997        12.257534
4400                  7.815744         7.921803         0.005568         0.006039        11.723616         0.534442        12.258058
4500                  7.832871         7.920599         0.005552         0.006032        11.749306         0.508670        12.257976
4600                  7.837304         7.919449         0.005678         0.006027        11.755956         0.501990        12.257947
4700                  7.847075         7.917949         0.005539         0.006021        11.770613         0.487199        12.257812
4800                  7.763988         7.916267         0.005358         0.006013        11.645981         0.612231        12.258212
4900                  7.797720         7.914696         0.005578         0.006005        11.696580         0.561508        12.258088
5000                  7.865841         7.913051         0.005722         0.005997        11.798761         0.459285        12.258046
5100                  7.831149         7.911614         0.005649         0.005990        11.746724         0.511195        12.257918
5200                  7.831113         7.910345         0.005377         0.005984        11.746669         0.511235        12.257904
5300                  7.891537         7.908844         0.005985         0.005978        11.837306         0.420985        12.258291
5400                  7.888281         7.907256         0.006027         0.005970        11.832421         0.425693        12.258115
5500                  7.828253         7.905779         0.005630         0.005964        11.742379         0.515904        12.258283
5600                  7.759129         7.904323         0.005174         0.005957        11.638694         0.619014        12.257708
5700                  7.805839         7.902867         0.005435         0.005950        11.708758         0.549064        12.257822
5800                  7.827739         7.901205         0.005521         0.005943        11.741609         0.516218        12.257827
5900                  7.789517         7.899190         0.005457         0.005936        11.684275         0.573807        12.258082
6000                  7.876996         7.897339         0.006070         0.005928        11.815493         0.441963        12.257456
6100                  7.842043         7.895546         0.005512         0.005919        11.763064         0.494141        12.257205
6200                  7.787503         7.893902         0.005392         0.005910        11.681254         0.576531        12.257785
6300                  7.782007         7.892190         0.005213         0.005901        11.673011         0.584465        12.257476
6400                  7.788289         7.890091         0.005283         0.005894        11.682434         0.575215        12.257648
6500                  7.714548         7.887915         0.005063         0.005883        11.571822         0.686366        12.258188
6600                  7.781961         7.885883         0.005185         0.005873        11.672941         0.584759        12.257700
6700                  7.814439         7.883878         0.005515         0.005864        11.721659         0.536110        12.257769
6800                  7.721211         7.881883         0.005088         0.005853        11.581816         0.676186        12.258002
6900                  7.662019         7.879958         0.004746         0.005843        11.493028         0.765076        12.258104
7000                  7.646074         7.878058         0.004817         0.005833        11.469111         0.789173        12.258284
7100                  7.723300         7.876099         0.005185         0.005823        11.584950         0.673094        12.258044
7200                  7.741829         7.874229         0.005020         0.005813        11.612744         0.644832        12.257575
7300                  7.747483         7.872426         0.005162         0.005804        11.621224         0.636033        12.257257
7400                  7.688768         7.870805         0.004736         0.005795        11.533152         0.724904        12.258057
7500                  7.748383         7.869151         0.005206         0.005787        11.622574         0.635513        12.258087
7600                  7.727237         7.867374         0.005168         0.005778        11.590856         0.666997        12.257853
7700                  7.633730         7.865675         0.004487         0.005770        11.450595         0.807501        12.258096
7800                  7.647261         7.864109         0.004746         0.005762        11.470891         0.786881        12.257772
7900                  7.766197         7.862537         0.005138         0.005754        11.649295         0.608455        12.257750
8000                  7.770286         7.861186         0.005446         0.005747        11.655429         0.601128        12.256557
8100                  7.783025         7.859711         0.005269         0.005739        11.674538         0.582719        12.257257
8200                  7.734437         7.858095         0.005050         0.005731        11.601655         0.655838        12.257493
8300                  7.711999         7.856603         0.004995         0.005723        11.567998         0.689631        12.257629
8400                  7.822719         7.855107         0.005450         0.005715        11.734078         0.523448        12.257525
8500                  7.813722         7.853699         0.005451         0.005708        11.720582         0.536871        12.257453
8600                  7.798272         7.852381         0.005089         0.005701        11.697407         0.559818        12.257226
8700                  7.708249         7.850922         0.004763         0.005695        11.562373         0.694812        12.257185
8800                  7.663748         7.849202         0.004807         0.005687        11.495622         0.761860        12.257481
8900                  7.659897         7.847326         0.004768         0.005678        11.489845         0.767450        12.257296
9000                  7.673567         7.845600         0.004872         0.005669        11.510350         0.747271        12.257622
9100                  7.686857         7.843984         0.004597         0.005660        11.530285         0.726769        12.257054
9200                  7.656127         7.842461         0.004536         0.005652        11.484190         0.773232        12.257422
9300                  7.620242         7.840787         0.004602         0.005644        11.430364         0.827247        12.257611
9400                  7.742199         7.839188         0.004942         0.005635        11.613299         0.644167        12.257466
9500                  7.735402         7.837599         0.005016         0.005628        11.603103         0.654417        12.257520
9600                  7.698960         7.835691         0.005006         0.005618        11.548440         0.709699        12.258139
9700                  7.588537         7.833588         0.004505         0.005608        11.382806         0.875368        12.258174
9800                  7.506653         7.831516         0.003969         0.005599        11.259980         0.998024        12.258004
9900                  7.537635         7.829521         0.004217         0.005589        11.306452         0.951324        12.257777
10000                 7.618505         7.827558         0.004485         0.005579        11.427758         0.829917        12.257675

***Simulation Averages***

Temperature:              7.827558
Pressure:                 0.005579
Heat Capacity:            1.605390
Potential Energy:         0.516547
Kinetic Energy:          11.741337
Total Energy:            12.257884
Diffusivity              75.678240
